<?xml version="1.0" encoding="UTF-8"?>
<testng-results skipped="0" failed="1" total="2" passed="1">
  <reporter-output>
  </reporter-output>
  <suite name="HR Management" duration-ms="75010" started-at="2020-02-15T03:40:59Z" finished-at="2020-02-15T03:42:14Z">
    <groups>
    </groups>
    <test name="Login Test" duration-ms="75010" started-at="2020-02-15T03:40:59Z" finished-at="2020-02-15T03:42:14Z">
      <class name="com.OrangeHRM.TestCases.TC_AddEmployeeTest_003">
        <test-method status="PASS" signature="setup(java.lang.String)[pri:0, instance:com.OrangeHRM.TestCases.TC_AddEmployeeTest_003@39ba5a14]" name="setup" is-config="true" duration-ms="10289" started-at="2020-02-15T09:11:34Z" finished-at="2020-02-15T09:11:45Z">
          <params>
            <param index="0">
              <value>
                <![CDATA[chrome]]>
              </value>
            </param>
          </params>
          <reporter-output>
          </reporter-output>
        </test-method> <!-- setup -->
        <test-method status="FAIL" signature="addemployee()[pri:0, instance:com.OrangeHRM.TestCases.TC_AddEmployeeTest_003@39ba5a14]" name="addemployee" duration-ms="25853" started-at="2020-02-15T09:11:45Z" finished-at="2020-02-15T09:12:10Z">
          <exception class="java.lang.AssertionError">
            <message>
              <![CDATA[expected [true] but found [false]]]>
            </message>
            <full-stacktrace>
              <![CDATA[java.lang.AssertionError: expected [true] but found [false]
	at org.testng.Assert.fail(Assert.java:94)
	at org.testng.Assert.failNotEquals(Assert.java:496)
	at org.testng.Assert.assertTrue(Assert.java:42)
	at org.testng.Assert.assertTrue(Assert.java:52)
	at com.OrangeHRM.TestCases.TC_AddEmployeeTest_003.addemployee(TC_AddEmployeeTest_003.java:70)
	at sun.reflect.NativeMethodAccessorImpl.invoke0(Native Method)
	at sun.reflect.NativeMethodAccessorImpl.invoke(NativeMethodAccessorImpl.java:62)
	at sun.reflect.DelegatingMethodAccessorImpl.invoke(DelegatingMethodAccessorImpl.java:43)
	at java.lang.reflect.Method.invoke(Method.java:498)
	at org.testng.internal.MethodInvocationHelper.invokeMethod(MethodInvocationHelper.java:85)
	at org.testng.internal.Invoker.invokeMethod(Invoker.java:639)
	at org.testng.internal.Invoker.invokeTestMethod(Invoker.java:816)
	at org.testng.internal.Invoker.invokeTestMethods(Invoker.java:1124)
	at org.testng.internal.TestMethodWorker.invokeTestMethods(TestMethodWorker.java:125)
	at org.testng.internal.TestMethodWorker.run(TestMethodWorker.java:108)
	at org.testng.TestRunner.privateRun(TestRunner.java:774)
	at org.testng.TestRunner.run(TestRunner.java:624)
	at org.testng.SuiteRunner.runTest(SuiteRunner.java:359)
	at org.testng.SuiteRunner.runSequentially(SuiteRunner.java:354)
	at org.testng.SuiteRunner.privateRun(SuiteRunner.java:312)
	at org.testng.SuiteRunner.run(SuiteRunner.java:261)
	at org.testng.SuiteRunnerWorker.runSuite(SuiteRunnerWorker.java:52)
	at org.testng.SuiteRunnerWorker.run(SuiteRunnerWorker.java:86)
	at org.testng.TestNG.runSuitesSequentially(TestNG.java:1191)
	at org.testng.TestNG.runSuitesLocally(TestNG.java:1116)
	at org.testng.TestNG.run(TestNG.java:1024)
	at org.apache.maven.surefire.testng.TestNGExecutor.run(TestNGExecutor.java:295)
	at org.apache.maven.surefire.testng.TestNGXmlTestSuite.execute(TestNGXmlTestSuite.java:84)
	at org.apache.maven.surefire.testng.TestNGProvider.invoke(TestNGProvider.java:90)
	at org.apache.maven.surefire.booter.ForkedBooter.invokeProviderInSameClassLoader(ForkedBooter.java:203)
	at org.apache.maven.surefire.booter.ForkedBooter.runSuitesInProcess(ForkedBooter.java:155)
	at org.apache.maven.surefire.booter.ForkedBooter.main(ForkedBooter.java:103)
]]>
            </full-stacktrace>
          </exception> <!-- java.lang.AssertionError -->
          <reporter-output>
          </reporter-output>
        </test-method> <!-- addemployee -->
        <test-method status="PASS" signature="tearDown()[pri:0, instance:com.OrangeHRM.TestCases.TC_AddEmployeeTest_003@39ba5a14]" name="tearDown" is-config="true" duration-ms="3107" started-at="2020-02-15T09:12:10Z" finished-at="2020-02-15T09:12:14Z">
          <reporter-output>
          </reporter-output>
        </test-method> <!-- tearDown -->
      </class> <!-- com.OrangeHRM.TestCases.TC_AddEmployeeTest_003 -->
      <class name="com.OrangeHRM.TestCases.TC_LoginTest_001">
        <test-method status="PASS" signature="setup(java.lang.String)[pri:0, instance:com.OrangeHRM.TestCases.TC_LoginTest_001@36d64342]" name="setup" is-config="true" duration-ms="21331" started-at="2020-02-15T09:10:59Z" finished-at="2020-02-15T09:11:20Z">
          <params>
            <param index="0">
              <value>
                <![CDATA[chrome]]>
              </value>
            </param>
          </params>
          <reporter-output>
          </reporter-output>
        </test-method> <!-- setup -->
        <test-method status="PASS" signature="LoginTest()[pri:0, instance:com.OrangeHRM.TestCases.TC_LoginTest_001@36d64342]" name="LoginTest" duration-ms="10964" started-at="2020-02-15T09:11:20Z" finished-at="2020-02-15T09:11:31Z">
          <reporter-output>
          </reporter-output>
        </test-method> <!-- LoginTest -->
        <test-method status="PASS" signature="tearDown()[pri:0, instance:com.OrangeHRM.TestCases.TC_LoginTest_001@36d64342]" name="tearDown" is-config="true" duration-ms="3183" started-at="2020-02-15T09:11:31Z" finished-at="2020-02-15T09:11:34Z">
          <reporter-output>
          </reporter-output>
        </test-method> <!-- tearDown -->
      </class> <!-- com.OrangeHRM.TestCases.TC_LoginTest_001 -->
    </test> <!-- Login Test -->
  </suite> <!-- HR Management -->
</testng-results>
